info: Jan-12-2022 17:57:33: 	undefined
info: Jan-12-2022 17:57:47: 	MongoDB Connection Successful
info: Jan-12-2022 17:57:47: 	Server started and running on http://localhost:5000
info: Jan-12-2022 17:57:57: 	MongoDB Connection Successful
info: Jan-12-2022 17:57:57: 	Server started and running on http://localhost:5000
info: Jan-12-2022 17:58:00: 	jwtAuth
info: Jan-12-2022 17:58:00: 	undefined
info: Jan-12-2022 17:58:18: 	MongoDB Connection Successful
info: Jan-12-2022 17:58:18: 	Server started and running on http://localhost:5000
info: Jan-12-2022 17:58:26: 	MongoDB Connection Successful
info: Jan-12-2022 17:58:26: 	Server started and running on http://localhost:5000
info: Jan-12-2022 17:58:29: 	MongoDB Connection Successful
info: Jan-12-2022 17:58:29: 	Server started and running on http://localhost:5000
info: Jan-12-2022 17:58:31: 	jwtAuth
info: Jan-12-2022 17:58:31: 	61d71cf6111e4acf6496702d
info: Jan-12-2022 17:59:04: 	JWT Signed and sent as response for login request
info: Jan-12-2022 17:59:13: 	Static files i.e. client served
info: Jan-12-2022 17:59:31: 	MongoDB Connection Successful
info: Jan-12-2022 17:59:31: 	Server started and running on http://localhost:5000
info: Jan-12-2022 17:59:36: 	MongoDB Connection Successful
info: Jan-12-2022 17:59:36: 	Server started and running on http://localhost:5000
info: Jan-12-2022 17:59:45: 	MongoDB Connection Successful
info: Jan-12-2022 17:59:45: 	Server started and running on http://localhost:5000
info: Jan-12-2022 17:59:57: 	MongoDB Connection Successful
info: Jan-12-2022 17:59:57: 	Server started and running on http://localhost:5000
info: Jan-12-2022 18:00:00: 	MongoDB Connection Successful
info: Jan-12-2022 18:00:00: 	Server started and running on http://localhost:5000
info: Jan-12-2022 18:00:04: 	MongoDB Connection Successful
info: Jan-12-2022 18:00:04: 	Server started and running on http://localhost:5000
info: Jan-12-2022 18:00:33: 	JWT Signed and sent as response for login request
info: Jan-12-2022 18:00:40: 	Static files i.e. client served
info: Jan-12-2022 18:00:46: 	jwtAuth
info: Jan-12-2022 18:00:46: 	61d71cf6111e4acf6496702d
info: Jan-12-2022 18:01:15: 	Static files i.e. client served
info: Jan-12-2022 18:01:17: 	Static files i.e. client served
info: Jan-12-2022 18:01:22: 	Static files i.e. client served
info: Jan-12-2022 18:01:30: 	Static files i.e. client served
info: Jan-12-2022 18:01:39: 	Static files i.e. client served
info: Jan-12-2022 18:14:47: 	jwtAuth
info: Jan-12-2022 18:14:47: 	61d71cf6111e4acf6496702d
info: Jan-12-2022 18:15:01: 	Static files i.e. client served
info: Jan-12-2022 18:15:10: 	Static files i.e. client served
info: Jan-12-2022 18:36:23: 	jwtAuth
info: Jan-12-2022 18:36:23: 	61d71cf6111e4acf6496702d
info: Jan-12-2022 18:36:59: 	Static files i.e. client served
info: Jan-12-2022 18:49:14: 	MongoDB Connection Successful
info: Jan-12-2022 18:49:14: 	Server started and running on http://localhost:5000
info: Jan-12-2022 18:49:16: 	MongoDB Connection Successful
info: Jan-12-2022 18:49:16: 	Server started and running on http://localhost:5000
info: Jan-12-2022 18:51:42: 	Static files i.e. client served
info: Jan-12-2022 18:52:07: 	jwtAuth
info: Jan-12-2022 18:52:07: 	61d71cf6111e4acf6496702d
info: Jan-12-2022 18:52:18: 	Static files i.e. client served
info: Jan-12-2022 18:57:10: 	MongoDB Connection Successful
info: Jan-12-2022 18:57:10: 	Server started and running on http://localhost:5000
info: Jan-12-2022 18:58:29: 	MongoDB Connection Successful
info: Jan-12-2022 18:58:29: 	Server started and running on http://localhost:5000
info: Jan-12-2022 18:58:40: 	MongoDB Connection Successful
info: Jan-12-2022 18:58:40: 	Server started and running on http://localhost:5000
info: Jan-12-2022 18:58:45: 	Static files i.e. client served
info: Jan-12-2022 18:58:49: 	Static files i.e. client served
info: Jan-12-2022 18:58:54: 	jwtAuth
info: Jan-12-2022 18:58:54: 	61d71cf6111e4acf6496702d
info: Jan-12-2022 18:59:14: 	Static files i.e. client served
info: Jan-12-2022 19:02:26: 	Static files i.e. client served
info: Jan-12-2022 19:03:21: 	Static files i.e. client served
info: Jan-12-2022 19:04:09: 	Static files i.e. client served
info: Jan-12-2022 19:04:39: 	Static files i.e. client served
info: Jan-12-2022 19:10:50: 	jwtAuth
info: Jan-12-2022 19:10:50: 	61d71cf6111e4acf6496702d
info: Jan-12-2022 19:13:06: 	Static files i.e. client served
info: Jan-12-2022 19:14:46: 	MongoDB Connection Successful
info: Jan-12-2022 19:14:46: 	Server started and running on http://localhost:5000
info: Jan-12-2022 19:14:50: 	Static files i.e. client served
info: Jan-12-2022 19:15:02: 	jwtAuth
info: Jan-12-2022 19:15:02: 	61d71cf6111e4acf6496702d
info: Jan-12-2022 19:15:06: 	Static files i.e. client served
info: Jan-12-2022 19:15:13: 	Static files i.e. client served
info: Jan-12-2022 19:16:03: 	Static files i.e. client served
info: Jan-12-2022 19:16:11: 	jwtAuth
info: Jan-12-2022 19:16:11: 	61d71cf6111e4acf6496702d
info: Jan-12-2022 19:16:15: 	Static files i.e. client served
info: Jan-12-2022 19:17:15: 	MongoDB Connection Successful
info: Jan-12-2022 19:17:15: 	Server started and running on http://localhost:5000
info: Jan-12-2022 19:17:25: 	Static files i.e. client served
info: Jan-12-2022 19:17:30: 	jwtAuth
info: Jan-12-2022 19:17:30: 	61d71cf6111e4acf6496702d
info: Jan-12-2022 19:17:34: 	Static files i.e. client served
info: Jan-12-2022 19:17:51: 	MongoDB Connection Successful
info: Jan-12-2022 19:17:51: 	Server started and running on http://localhost:5000
info: Jan-12-2022 19:17:58: 	Static files i.e. client served
info: Jan-12-2022 19:18:02: 	jwtAuth
info: Jan-12-2022 19:18:02: 	61d71cf6111e4acf6496702d
info: Jan-12-2022 19:18:13: 	Static files i.e. client served
info: Jan-12-2022 19:18:29: 	MongoDB Connection Successful
info: Jan-12-2022 19:18:29: 	Server started and running on http://localhost:5000
info: Jan-12-2022 19:20:05: 	MongoDB Connection Successful
info: Jan-12-2022 19:20:05: 	Server started and running on http://localhost:5000
info: Jan-12-2022 19:20:15: 	MongoDB Connection Successful
info: Jan-12-2022 19:20:15: 	Server started and running on http://localhost:5000
info: Jan-12-2022 19:20:30: 	Static files i.e. client served
info: Jan-12-2022 19:20:35: 	jwtAuth
info: Jan-12-2022 19:20:35: 	61d71cf6111e4acf6496702d
info: Jan-12-2022 19:20:43: 	Static files i.e. client served
info: Jan-12-2022 19:20:57: 	MongoDB Connection Successful
info: Jan-12-2022 19:20:57: 	Server started and running on http://localhost:5000
info: Jan-12-2022 19:21:05: 	Static files i.e. client served
info: Jan-12-2022 19:21:10: 	jwtAuth
info: Jan-12-2022 19:21:10: 	61d71cf6111e4acf6496702d
info: Jan-12-2022 19:21:14: 	Static files i.e. client served
info: Jan-12-2022 19:21:27: 	MongoDB Connection Successful
info: Jan-12-2022 19:21:27: 	Server started and running on http://localhost:5000
info: Jan-12-2022 19:21:30: 	MongoDB Connection Successful
info: Jan-12-2022 19:21:30: 	Server started and running on http://localhost:5000
info: Jan-12-2022 19:21:35: 	MongoDB Connection Successful
info: Jan-12-2022 19:21:35: 	Server started and running on http://localhost:5000
info: Jan-12-2022 19:21:53: 	Static files i.e. client served
info: Jan-12-2022 19:21:59: 	Static files i.e. client served
info: Jan-12-2022 19:22:06: 	Static files i.e. client served
info: Jan-12-2022 19:22:07: 	Static files i.e. client served
info: Jan-12-2022 19:22:13: 	Static files i.e. client served
info: Jan-12-2022 19:22:17: 	Static files i.e. client served
info: Jan-12-2022 20:02:42: 	MongoDB Connection Successful
info: Jan-12-2022 20:02:42: 	Server started and running on http://localhost:5000
info: Jan-12-2022 20:12:42: 	MongoDB Connection Successful
info: Jan-12-2022 20:12:42: 	Server started and running on http://localhost:5000
info: Jan-12-2022 20:12:55: 	Static files i.e. client served
info: Jan-12-2022 20:12:55: 	Static files i.e. client served
info: Jan-12-2022 20:14:36: 	MongoDB Connection Successful
info: Jan-12-2022 20:14:36: 	Server started and running on http://localhost:5000
info: Jan-12-2022 20:14:40: 	MongoDB Connection Successful
info: Jan-12-2022 20:14:40: 	Server started and running on http://localhost:5000
info: Jan-12-2022 20:14:47: 	MongoDB Connection Successful
info: Jan-12-2022 20:14:47: 	Server started and running on http://localhost:5000
info: Jan-12-2022 20:15:16: 	MongoDB Connection Successful
info: Jan-12-2022 20:15:16: 	Server started and running on http://localhost:5000
info: Jan-12-2022 20:15:26: 	MongoDB Connection Successful
info: Jan-12-2022 20:15:26: 	Server started and running on http://localhost:5000
info: Jan-12-2022 20:15:29: 	Static files i.e. client served
info: Jan-12-2022 20:15:49: 	MongoDB Connection Successful
info: Jan-12-2022 20:15:49: 	Server started and running on http://localhost:5000
info: Jan-12-2022 20:15:56: 	Static files i.e. client served
info: Jan-12-2022 20:17:40: 	MongoDB Connection Successful
info: Jan-12-2022 20:17:40: 	Server started and running on http://localhost:5000
info: Jan-12-2022 20:18:32: 	MongoDB Connection Successful
info: Jan-12-2022 20:18:32: 	Server started and running on http://localhost:5000
info: Jan-12-2022 20:19:00: 	MongoDB Connection Successful
info: Jan-12-2022 20:19:00: 	Server started and running on http://localhost:5000
info: Jan-12-2022 20:19:21: 	MongoDB Connection Successful
info: Jan-12-2022 20:19:21: 	Server started and running on http://localhost:5000
info: Jan-12-2022 20:19:33: 	MongoDB Connection Successful
info: Jan-12-2022 20:19:33: 	Server started and running on http://localhost:5000
info: Jan-12-2022 20:19:35: 	Static files i.e. client served
info: Jan-12-2022 20:19:37: 	Static files i.e. client served
info: Jan-12-2022 20:19:37: 	Static files i.e. client served
info: Jan-12-2022 20:19:37: 	Static files i.e. client served
info: Jan-12-2022 20:19:38: 	Static files i.e. client served
info: Jan-12-2022 20:19:38: 	Static files i.e. client served
info: Jan-12-2022 20:19:38: 	Static files i.e. client served
info: Jan-12-2022 20:20:21: 	MongoDB Connection Successful
info: Jan-12-2022 20:20:21: 	Server started and running on http://localhost:5000
info: Jan-12-2022 20:21:32: 	MongoDB Connection Successful
info: Jan-12-2022 20:21:32: 	Server started and running on http://localhost:5000
info: Jan-12-2022 20:21:38: 	MongoDB Connection Successful
info: Jan-12-2022 20:21:38: 	Server started and running on http://localhost:5000
info: Jan-12-2022 20:21:47: 	MongoDB Connection Successful
info: Jan-12-2022 20:21:47: 	Server started and running on http://localhost:5000
info: Jan-12-2022 20:22:00: 	MongoDB Connection Successful
info: Jan-12-2022 20:22:00: 	Server started and running on http://localhost:5000
info: Jan-12-2022 20:22:28: 	MongoDB Connection Successful
info: Jan-12-2022 20:22:28: 	Server started and running on http://localhost:5000
info: Jan-12-2022 20:22:36: 	Static files i.e. client served
info: Jan-12-2022 20:22:38: 	Static files i.e. client served
info: Jan-12-2022 20:23:25: 	Static files i.e. client served
info: Jan-12-2022 20:23:29: 	Static files i.e. client served
info: Jan-12-2022 20:23:31: 	Static files i.e. client served
info: Jan-12-2022 20:23:42: 	JWT Signed and sent as response for login request
info: Jan-12-2022 20:23:42: 	Static files i.e. client served
info: Jan-12-2022 20:23:47: 	Static files i.e. client served
info: Jan-12-2022 20:23:58: 	Static files i.e. client served
info: Jan-12-2022 20:24:20: 	Static files i.e. client served
info: Jan-12-2022 20:24:24: 	Static files i.e. client served
info: Jan-12-2022 20:24:45: 	MongoDB Connection Successful
info: Jan-12-2022 20:24:45: 	Server started and running on http://localhost:5000
info: Jan-12-2022 20:24:53: 	MongoDB Connection Successful
info: Jan-12-2022 20:24:53: 	Server started and running on http://localhost:5000
info: Jan-12-2022 20:25:21: 	MongoDB Connection Successful
info: Jan-12-2022 20:25:21: 	Server started and running on http://localhost:5000
info: Jan-12-2022 22:11:01: 	MongoDB Connection Successful
info: Jan-12-2022 22:11:01: 	Server started and running on http://localhost:5000
info: Jan-12-2022 22:11:08: 	Static files i.e. client served
info: Jan-12-2022 22:11:39: 	MongoDB Connection Successful
info: Jan-12-2022 22:11:39: 	Server started and running on http://localhost:5000
info: Jan-12-2022 22:11:42: 	MongoDB Connection Successful
info: Jan-12-2022 22:11:42: 	Server started and running on http://localhost:5000
info: Jan-12-2022 22:15:28: 	Static files i.e. client served
info: Jan-12-2022 22:21:42: 	JWT Signed and sent as response for login request
info: Jan-12-2022 22:21:51: 	Static files i.e. client served
info: Jan-12-2022 22:22:58: 	MongoDB Connection Successful
info: Jan-12-2022 22:22:58: 	Server started and running on http://localhost:5000
info: Jan-12-2022 22:22:59: 	MongoDB Connection Successful
info: Jan-12-2022 22:22:59: 	Server started and running on http://localhost:5000
info: Jan-12-2022 22:23:01: 	MongoDB Connection Successful
info: Jan-12-2022 22:23:01: 	Server started and running on http://localhost:5000
info: Jan-12-2022 22:23:08: 	MongoDB Connection Successful
info: Jan-12-2022 22:23:08: 	Server started and running on http://localhost:5000
info: Jan-12-2022 22:25:01: 	MongoDB Connection Successful
info: Jan-12-2022 22:25:01: 	Server started and running on http://localhost:5000
info: Jan-12-2022 22:25:56: 	MongoDB Connection Successful
info: Jan-12-2022 22:25:56: 	Server started and running on http://localhost:5000
info: Jan-12-2022 22:26:00: 	MongoDB Connection Successful
info: Jan-12-2022 22:26:00: 	Server started and running on http://localhost:5000
info: Jan-12-2022 22:26:03: 	MongoDB Connection Successful
info: Jan-12-2022 22:26:03: 	Server started and running on http://localhost:5000
info: Jan-12-2022 22:26:05: 	MongoDB Connection Successful
info: Jan-12-2022 22:26:05: 	Server started and running on http://localhost:5000
info: Jan-12-2022 22:28:45: 	MongoDB Connection Successful
info: Jan-12-2022 22:28:45: 	Server started and running on http://localhost:5000
info: Jan-12-2022 22:29:22: 	MongoDB Connection Successful
info: Jan-12-2022 22:29:22: 	Server started and running on http://localhost:5000
info: Jan-12-2022 22:29:54: 	JWT Signed and sent as response for login request
info: Jan-12-2022 22:30:16: 	jwtAuth
info: Jan-12-2022 22:30:16: 	61d71cf6111e4acf6496702d
info: Jan-12-2022 22:39:12: 	User not logged in
info: Jan-13-2022 23:23:09: 	MongoDB Connection Successful
info: Jan-13-2022 23:23:09: 	Server started and running on http://localhost:5000
info: Jan-13-2022 23:26:22: 	MongoDB Connection Successful
info: Jan-13-2022 23:26:22: 	Server started and running on http://localhost:5000
info: Jan-13-2022 23:26:24: 	MongoDB Connection Successful
info: Jan-13-2022 23:26:24: 	Server started and running on http://localhost:5000
info: Jan-13-2022 23:27:57: 	MongoDB Connection Successful
info: Jan-13-2022 23:27:57: 	Server started and running on http://localhost:5000
info: Jan-13-2022 23:28:03: 	MongoDB Connection Successful
info: Jan-13-2022 23:28:03: 	Server started and running on http://localhost:5000
info: Jan-13-2022 23:28:18: 	MongoDB Connection Successful
info: Jan-13-2022 23:28:18: 	Server started and running on http://localhost:5000
info: Jan-13-2022 23:29:17: 	MongoDB Connection Successful
info: Jan-13-2022 23:29:17: 	Server started and running on http://localhost:5000
info: Jan-13-2022 23:29:52: 	MongoDB Connection Successful
info: Jan-13-2022 23:29:52: 	Server started and running on http://localhost:5000
info: Jan-13-2022 23:30:54: 	MongoDB Connection Successful
info: Jan-13-2022 23:30:54: 	Server started and running on http://localhost:5000
info: Jan-13-2022 23:30:56: 	MongoDB Connection Successful
info: Jan-13-2022 23:30:56: 	Server started and running on http://localhost:5000
info: Jan-13-2022 23:30:58: 	MongoDB Connection Successful
info: Jan-13-2022 23:30:58: 	Server started and running on http://localhost:5000
info: Jan-13-2022 23:31:00: 	MongoDB Connection Successful
info: Jan-13-2022 23:31:00: 	Server started and running on http://localhost:5000
info: Jan-13-2022 23:41:11: 	MongoDB Connection Successful
info: Jan-13-2022 23:41:11: 	Server started and running on http://localhost:5000
info: Jan-13-2022 23:41:13: 	MongoDB Connection Successful
info: Jan-13-2022 23:41:13: 	Server started and running on http://localhost:5000
info: Jan-13-2022 23:41:17: 	MongoDB Connection Successful
info: Jan-13-2022 23:41:17: 	Server started and running on http://localhost:5000
info: Jan-13-2022 23:41:18: 	MongoDB Connection Successful
info: Jan-13-2022 23:41:18: 	Server started and running on http://localhost:5000
info: Jan-13-2022 23:41:24: 	MongoDB Connection Successful
info: Jan-13-2022 23:41:24: 	Server started and running on http://localhost:5000
info: Jan-13-2022 23:41:29: 	MongoDB Connection Successful
info: Jan-13-2022 23:41:29: 	Server started and running on http://localhost:5000
info: Jan-13-2022 23:41:35: 	MongoDB Connection Successful
info: Jan-13-2022 23:41:35: 	Server started and running on http://localhost:5000
info: Jan-13-2022 23:41:40: 	MongoDB Connection Successful
info: Jan-13-2022 23:41:40: 	Server started and running on http://localhost:5000
info: Jan-13-2022 23:41:45: 	MongoDB Connection Successful
info: Jan-13-2022 23:41:45: 	Server started and running on http://localhost:5000
info: Jan-13-2022 23:45:02: 	MongoDB Connection Successful
info: Jan-13-2022 23:45:02: 	Server started and running on http://localhost:5000
info: Jan-13-2022 23:45:09: 	MongoDB Connection Successful
info: Jan-13-2022 23:45:09: 	Server started and running on http://localhost:5000
info: Jan-13-2022 23:45:22: 	MongoDB Connection Successful
info: Jan-13-2022 23:45:22: 	Server started and running on http://localhost:5000
info: Jan-14-2022 00:05:35: 	MongoDB Connection Successful
info: Jan-14-2022 00:05:35: 	Server started and running on http://localhost:5000
info: Jan-14-2022 00:05:37: 	MongoDB Connection Successful
info: Jan-14-2022 00:05:37: 	Server started and running on http://localhost:5000
info: Jan-14-2022 00:05:40: 	MongoDB Connection Successful
info: Jan-14-2022 00:05:40: 	Server started and running on http://localhost:5000
info: Jan-14-2022 00:05:41: 	MongoDB Connection Successful
info: Jan-14-2022 00:05:41: 	Server started and running on http://localhost:5000
info: Jan-14-2022 00:05:44: 	MongoDB Connection Successful
info: Jan-14-2022 00:05:44: 	Server started and running on http://localhost:5000
info: Jan-14-2022 00:05:48: 	MongoDB Connection Successful
info: Jan-14-2022 00:05:48: 	Server started and running on http://localhost:5000
info: Jan-14-2022 00:05:54: 	MongoDB Connection Successful
info: Jan-14-2022 00:05:54: 	Server started and running on http://localhost:5000
info: Jan-14-2022 00:09:32: 	MongoDB Connection Successful
info: Jan-14-2022 00:09:32: 	Server started and running on http://localhost:5000
info: Jan-14-2022 00:09:34: 	MongoDB Connection Successful
info: Jan-14-2022 00:09:34: 	Server started and running on http://localhost:5000
info: Jan-14-2022 00:09:57: 	MongoDB Connection Successful
info: Jan-14-2022 00:09:57: 	Server started and running on http://localhost:5000
info: Jan-14-2022 00:09:58: 	MongoDB Connection Successful
info: Jan-14-2022 00:09:58: 	Server started and running on http://localhost:5000
info: Jan-14-2022 00:10:02: 	MongoDB Connection Successful
info: Jan-14-2022 00:10:02: 	Server started and running on http://localhost:5000
info: Jan-14-2022 00:11:07: 	MongoDB Connection Successful
info: Jan-14-2022 00:11:07: 	Server started and running on http://localhost:5000
info: Jan-14-2022 00:11:08: 	MongoDB Connection Successful
info: Jan-14-2022 00:11:08: 	Server started and running on http://localhost:5000
info: Jan-14-2022 00:11:12: 	MongoDB Connection Successful
info: Jan-14-2022 00:11:12: 	Server started and running on http://localhost:5000
info: Jan-14-2022 00:11:23: 	MongoDB Connection Successful
info: Jan-14-2022 00:11:23: 	Server started and running on http://localhost:5000
info: Jan-14-2022 00:11:24: 	MongoDB Connection Successful
info: Jan-14-2022 00:11:24: 	Server started and running on http://localhost:5000
info: Jan-14-2022 00:12:09: 	MongoDB Connection Successful
info: Jan-14-2022 00:12:09: 	Server started and running on http://localhost:5000
info: Jan-14-2022 00:12:15: 	MongoDB Connection Successful
info: Jan-14-2022 00:12:15: 	Server started and running on http://localhost:5000
info: Jan-14-2022 00:12:21: 	MongoDB Connection Successful
info: Jan-14-2022 00:12:21: 	Server started and running on http://localhost:5000
info: Jan-14-2022 00:12:24: 	MongoDB Connection Successful
info: Jan-14-2022 00:12:24: 	Server started and running on http://localhost:5000
info: Jan-14-2022 00:20:49: 	MongoDB Connection Successful
info: Jan-14-2022 00:20:49: 	Server started and running on http://localhost:5000
info: Jan-14-2022 00:20:53: 	MongoDB Connection Successful
info: Jan-14-2022 00:20:53: 	Server started and running on http://localhost:5000
info: Jan-14-2022 00:21:09: 	MongoDB Connection Successful
info: Jan-14-2022 00:21:09: 	Server started and running on http://localhost:5000
info: Jan-14-2022 00:21:11: 	MongoDB Connection Successful
info: Jan-14-2022 00:21:11: 	Server started and running on http://localhost:5000
info: Jan-14-2022 00:21:19: 	MongoDB Connection Successful
info: Jan-14-2022 00:21:19: 	Server started and running on http://localhost:5000
info: Jan-14-2022 00:21:32: 	MongoDB Connection Successful
info: Jan-14-2022 00:21:32: 	Server started and running on http://localhost:5000
info: Jan-14-2022 00:21:37: 	MongoDB Connection Successful
info: Jan-14-2022 00:21:37: 	Server started and running on http://localhost:5000
info: Jan-14-2022 00:21:41: 	MongoDB Connection Successful
info: Jan-14-2022 00:21:41: 	Server started and running on http://localhost:5000
info: Jan-14-2022 00:21:45: 	MongoDB Connection Successful
info: Jan-14-2022 00:21:45: 	Server started and running on http://localhost:5000
info: Jan-14-2022 00:21:51: 	MongoDB Connection Successful
info: Jan-14-2022 00:21:51: 	Server started and running on http://localhost:5000
info: Jan-14-2022 00:21:53: 	MongoDB Connection Successful
info: Jan-14-2022 00:21:53: 	Server started and running on http://localhost:5000
info: Jan-14-2022 00:21:54: 	MongoDB Connection Successful
info: Jan-14-2022 00:21:54: 	Server started and running on http://localhost:5000
info: Jan-14-2022 00:21:57: 	MongoDB Connection Successful
info: Jan-14-2022 00:21:57: 	Server started and running on http://localhost:5000
info: Jan-14-2022 00:26:43: 	MongoDB Connection Successful
info: Jan-14-2022 00:26:43: 	Server started and running on http://localhost:5000
info: Jan-14-2022 00:28:34: 	MongoDB Connection Successful
info: Jan-14-2022 00:28:34: 	Server started and running on http://localhost:5000
info: Jan-14-2022 00:28:37: 	MongoDB Connection Successful
info: Jan-14-2022 00:28:37: 	Server started and running on http://localhost:5000
info: Jan-14-2022 00:28:43: 	MongoDB Connection Successful
info: Jan-14-2022 00:28:43: 	Server started and running on http://localhost:5000
info: Jan-14-2022 00:28:47: 	MongoDB Connection Successful
info: Jan-14-2022 00:28:47: 	Server started and running on http://localhost:5000
info: Jan-14-2022 00:28:49: 	MongoDB Connection Successful
info: Jan-14-2022 00:28:49: 	Server started and running on http://localhost:5000
info: Jan-14-2022 00:32:21: 	MongoDB Connection Successful
info: Jan-14-2022 00:32:21: 	Server started and running on http://localhost:5000
info: Jan-14-2022 00:32:37: 	MongoDB Connection Successful
info: Jan-14-2022 00:32:37: 	Server started and running on http://localhost:5000
info: Jan-14-2022 00:32:39: 	MongoDB Connection Successful
info: Jan-14-2022 00:32:39: 	Server started and running on http://localhost:5000
info: Jan-14-2022 00:32:43: 	MongoDB Connection Successful
info: Jan-14-2022 00:32:43: 	Server started and running on http://localhost:5000
info: Jan-14-2022 00:32:46: 	MongoDB Connection Successful
info: Jan-14-2022 00:32:46: 	Server started and running on http://localhost:5000
info: Jan-14-2022 00:34:09: 	MongoDB Connection Successful
info: Jan-14-2022 00:34:09: 	Server started and running on http://localhost:5000
info: Jan-14-2022 00:34:10: 	MongoDB Connection Successful
info: Jan-14-2022 00:34:10: 	Server started and running on http://localhost:5000
info: Jan-14-2022 00:34:19: 	MongoDB Connection Successful
info: Jan-14-2022 00:34:19: 	Server started and running on http://localhost:5000
info: Jan-14-2022 00:34:26: 	MongoDB Connection Successful
info: Jan-14-2022 00:34:26: 	Server started and running on http://localhost:5000
info: Jan-14-2022 00:36:45: 	MongoDB Connection Successful
info: Jan-14-2022 00:36:45: 	Server started and running on http://localhost:5000
info: Jan-14-2022 00:36:49: 	MongoDB Connection Successful
info: Jan-14-2022 00:36:49: 	Server started and running on http://localhost:5000
info: Jan-14-2022 00:36:52: 	MongoDB Connection Successful
info: Jan-14-2022 00:36:52: 	Server started and running on http://localhost:5000
info: Jan-14-2022 00:37:37: 	MongoDB Connection Successful
info: Jan-14-2022 00:37:37: 	Server started and running on http://localhost:5000
info: Jan-14-2022 00:37:40: 	MongoDB Connection Successful
info: Jan-14-2022 00:37:40: 	Server started and running on http://localhost:5000
info: Jan-14-2022 00:37:45: 	MongoDB Connection Successful
info: Jan-14-2022 00:37:45: 	Server started and running on http://localhost:5000
info: Jan-14-2022 00:37:49: 	MongoDB Connection Successful
info: Jan-14-2022 00:37:49: 	Server started and running on http://localhost:5000
info: Jan-14-2022 12:52:16: 	MongoDB Connection Successful
info: Jan-14-2022 12:52:16: 	Server started and running on http://localhost:5000
info: Jan-14-2022 12:53:23: 	JWT Signed and sent as response for login request
info: Jan-14-2022 20:43:15: 	MongoDB Connection Successful
info: Jan-14-2022 20:43:15: 	Server started and running on http://localhost:5000
info: Jan-14-2022 20:44:15: 	JWT Signed and sent as response for login request
info: Jan-14-2022 20:45:10: 	jwtAuth
info: Jan-14-2022 20:45:10: 	61d71cf6111e4acf6496702d
info: Jan-15-2022 16:20:30: 	MongoDB Connection Successful
info: Jan-15-2022 16:20:31: 	Server started and running on http://localhost:5000
info: Jan-15-2022 16:20:59: 	MongoDB Connection Successful
info: Jan-15-2022 16:20:59: 	Server started and running on http://localhost:5000
info: Jan-15-2022 16:21:09: 	Static files i.e. client served
info: Jan-15-2022 16:21:20: 	MongoDB Connection Successful
info: Jan-15-2022 16:21:20: 	Server started and running on http://localhost:5000
info: Jan-15-2022 16:21:27: 	MongoDB Connection Successful
info: Jan-15-2022 16:21:27: 	Server started and running on http://localhost:5000
info: Jan-15-2022 16:42:33: 	Static files i.e. client served
info: Jan-15-2022 16:42:37: 	Static files i.e. client served
info: Jan-15-2022 16:43:12: 	Static files i.e. client served
info: Jan-15-2022 16:44:16: 	Static files i.e. client served
info: Jan-15-2022 16:44:19: 	Static files i.e. client served
info: Jan-15-2022 16:44:23: 	Static files i.e. client served
info: Jan-15-2022 16:47:35: 	Static files i.e. client served
info: Jan-15-2022 16:48:04: 	Static files i.e. client served
info: Jan-15-2022 16:48:10: 	Static files i.e. client served
info: Jan-15-2022 16:48:39: 	JWT Signed and sent as response for login request
info: Jan-15-2022 16:48:39: 	Static files i.e. client served
info: Jan-15-2022 16:48:45: 	Static files i.e. client served
info: Jan-15-2022 16:49:24: 	Static files i.e. client served
info: Jan-15-2022 16:49:27: 	Static files i.e. client served
info: Jan-15-2022 16:50:00: 	Static files i.e. client served
info: Jan-15-2022 16:52:15: 	MongoDB Connection Successful
info: Jan-15-2022 16:52:15: 	Server started and running on http://localhost:5000
info: Jan-15-2022 16:52:43: 	MongoDB Connection Successful
info: Jan-15-2022 16:52:43: 	Server started and running on http://localhost:5000
info: Jan-15-2022 16:55:34: 	MongoDB Connection Successful
info: Jan-15-2022 16:55:34: 	Server started and running on http://localhost:5000
info: Jan-15-2022 16:56:01: 	MongoDB Connection Successful
info: Jan-15-2022 16:56:01: 	Server started and running on http://localhost:5000
info: Jan-15-2022 16:56:08: 	Static files i.e. client served
info: Jan-15-2022 16:56:11: 	Static files i.e. client served
info: Jan-15-2022 16:57:38: 	MongoDB Connection Successful
info: Jan-15-2022 16:57:38: 	Server started and running on http://localhost:5000
info: Jan-15-2022 16:58:35: 	MongoDB Connection Successful
info: Jan-15-2022 16:58:35: 	Server started and running on http://localhost:5000
info: Jan-15-2022 16:58:57: 	MongoDB Connection Successful
info: Jan-15-2022 16:58:57: 	Server started and running on http://localhost:5000
info: Jan-15-2022 17:00:38: 	Static files i.e. client served
info: Jan-15-2022 17:01:15: 	MongoDB Connection Successful
info: Jan-15-2022 17:01:15: 	Server started and running on http://localhost:5000
info: Jan-15-2022 17:01:23: 	MongoDB Connection Successful
info: Jan-15-2022 17:01:23: 	Server started and running on http://localhost:5000
info: Jan-15-2022 17:01:26: 	MongoDB Connection Successful
info: Jan-15-2022 17:01:26: 	Server started and running on http://localhost:5000
info: Jan-15-2022 17:01:31: 	MongoDB Connection Successful
info: Jan-15-2022 17:01:31: 	Server started and running on http://localhost:5000
info: Jan-15-2022 17:01:36: 	MongoDB Connection Successful
info: Jan-15-2022 17:01:36: 	Server started and running on http://localhost:5000
info: Jan-15-2022 17:01:39: 	MongoDB Connection Successful
info: Jan-15-2022 17:01:39: 	Server started and running on http://localhost:5000
info: Jan-15-2022 17:01:42: 	MongoDB Connection Successful
info: Jan-15-2022 17:01:42: 	Server started and running on http://localhost:5000
info: Jan-15-2022 17:01:56: 	MongoDB Connection Successful
info: Jan-15-2022 17:01:56: 	Server started and running on http://localhost:5000
info: Jan-15-2022 17:01:59: 	MongoDB Connection Successful
info: Jan-15-2022 17:01:59: 	Server started and running on http://localhost:5000
info: Jan-15-2022 17:02:03: 	MongoDB Connection Successful
info: Jan-15-2022 17:02:03: 	Server started and running on http://localhost:5000
info: Jan-15-2022 17:02:06: 	MongoDB Connection Successful
info: Jan-15-2022 17:02:06: 	Server started and running on http://localhost:5000
info: Jan-15-2022 17:02:09: 	MongoDB Connection Successful
info: Jan-15-2022 17:02:09: 	Server started and running on http://localhost:5000
info: Jan-15-2022 17:02:11: 	MongoDB Connection Successful
info: Jan-15-2022 17:02:11: 	Server started and running on http://localhost:5000
info: Jan-15-2022 17:02:14: 	MongoDB Connection Successful
info: Jan-15-2022 17:02:14: 	Server started and running on http://localhost:5000
info: Jan-15-2022 17:02:16: 	MongoDB Connection Successful
info: Jan-15-2022 17:02:16: 	Server started and running on http://localhost:5000
info: Jan-15-2022 17:02:21: 	MongoDB Connection Successful
info: Jan-15-2022 17:02:21: 	Server started and running on http://localhost:5000
info: Jan-15-2022 17:02:25: 	MongoDB Connection Successful
info: Jan-15-2022 17:02:25: 	Server started and running on http://localhost:5000
info: Jan-15-2022 17:02:27: 	MongoDB Connection Successful
info: Jan-15-2022 17:02:27: 	Server started and running on http://localhost:5000
info: Jan-15-2022 17:02:29: 	MongoDB Connection Successful
info: Jan-15-2022 17:02:29: 	Server started and running on http://localhost:5000
info: Jan-15-2022 17:02:31: 	MongoDB Connection Successful
info: Jan-15-2022 17:02:31: 	Server started and running on http://localhost:5000
info: Jan-15-2022 17:02:35: 	MongoDB Connection Successful
info: Jan-15-2022 17:02:35: 	Server started and running on http://localhost:5000
info: Jan-15-2022 17:02:37: 	MongoDB Connection Successful
info: Jan-15-2022 17:02:37: 	Server started and running on http://localhost:5000
info: Jan-15-2022 17:02:39: 	MongoDB Connection Successful
info: Jan-15-2022 17:02:39: 	Server started and running on http://localhost:5000
info: Jan-15-2022 17:02:43: 	MongoDB Connection Successful
info: Jan-15-2022 17:02:43: 	Server started and running on http://localhost:5000
info: Jan-15-2022 17:02:45: 	MongoDB Connection Successful
info: Jan-15-2022 17:02:45: 	Server started and running on http://localhost:5000
info: Jan-15-2022 17:02:48: 	MongoDB Connection Successful
info: Jan-15-2022 17:02:48: 	Server started and running on http://localhost:5000
info: Jan-15-2022 17:02:51: 	MongoDB Connection Successful
info: Jan-15-2022 17:02:51: 	Server started and running on http://localhost:5000
info: Jan-15-2022 17:02:56: 	MongoDB Connection Successful
info: Jan-15-2022 17:02:56: 	Server started and running on http://localhost:5000
info: Jan-15-2022 17:02:59: 	MongoDB Connection Successful
info: Jan-15-2022 17:02:59: 	Server started and running on http://localhost:5000
info: Jan-15-2022 17:03:04: 	MongoDB Connection Successful
info: Jan-15-2022 17:03:04: 	Server started and running on http://localhost:5000
info: Jan-15-2022 17:03:08: 	MongoDB Connection Successful
info: Jan-15-2022 17:03:08: 	Server started and running on http://localhost:5000
info: Jan-15-2022 17:03:10: 	MongoDB Connection Successful
info: Jan-15-2022 17:03:10: 	Server started and running on http://localhost:5000
info: Jan-15-2022 17:03:12: 	MongoDB Connection Successful
info: Jan-15-2022 17:03:12: 	Server started and running on http://localhost:5000
info: Jan-15-2022 17:03:16: 	MongoDB Connection Successful
info: Jan-15-2022 17:03:17: 	Server started and running on http://localhost:5000
info: Jan-15-2022 17:03:19: 	MongoDB Connection Successful
info: Jan-15-2022 17:03:19: 	Server started and running on http://localhost:5000
info: Jan-15-2022 17:03:28: 	MongoDB Connection Successful
info: Jan-15-2022 17:03:28: 	Server started and running on http://localhost:5000
info: Jan-15-2022 17:03:30: 	MongoDB Connection Successful
info: Jan-15-2022 17:03:30: 	Server started and running on http://localhost:5000
info: Jan-15-2022 17:03:32: 	MongoDB Connection Successful
info: Jan-15-2022 17:03:32: 	Server started and running on http://localhost:5000
info: Jan-15-2022 17:03:34: 	MongoDB Connection Successful
info: Jan-15-2022 17:03:34: 	Server started and running on http://localhost:5000
info: Jan-15-2022 17:03:38: 	MongoDB Connection Successful
info: Jan-15-2022 17:03:38: 	Server started and running on http://localhost:5000
info: Jan-15-2022 17:03:42: 	MongoDB Connection Successful
info: Jan-15-2022 17:03:42: 	Server started and running on http://localhost:5000
info: Jan-15-2022 17:03:44: 	MongoDB Connection Successful
info: Jan-15-2022 17:03:44: 	Server started and running on http://localhost:5000
info: Jan-15-2022 17:03:47: 	MongoDB Connection Successful
info: Jan-15-2022 17:03:47: 	Server started and running on http://localhost:5000
info: Jan-15-2022 17:03:49: 	MongoDB Connection Successful
info: Jan-15-2022 17:03:49: 	Server started and running on http://localhost:5000
info: Jan-15-2022 17:03:52: 	MongoDB Connection Successful
info: Jan-15-2022 17:03:52: 	Server started and running on http://localhost:5000
info: Jan-15-2022 17:03:54: 	MongoDB Connection Successful
info: Jan-15-2022 17:03:54: 	Server started and running on http://localhost:5000
info: Jan-15-2022 17:03:57: 	MongoDB Connection Successful
info: Jan-15-2022 17:03:57: 	Server started and running on http://localhost:5000
info: Jan-15-2022 17:04:01: 	MongoDB Connection Successful
info: Jan-15-2022 17:04:01: 	Server started and running on http://localhost:5000
info: Jan-15-2022 17:04:04: 	MongoDB Connection Successful
info: Jan-15-2022 17:04:04: 	Server started and running on http://localhost:5000
info: Jan-15-2022 17:04:07: 	MongoDB Connection Successful
info: Jan-15-2022 17:04:07: 	Server started and running on http://localhost:5000
info: Jan-15-2022 17:04:10: 	MongoDB Connection Successful
info: Jan-15-2022 17:04:11: 	MongoDB Connection Successful
info: Jan-15-2022 17:04:11: 	Server started and running on http://localhost:5000
info: Jan-15-2022 17:04:15: 	MongoDB Connection Successful
info: Jan-15-2022 17:04:15: 	Server started and running on http://localhost:5000
info: Jan-15-2022 17:04:20: 	MongoDB Connection Successful
info: Jan-15-2022 17:04:20: 	Server started and running on http://localhost:5000
info: Jan-15-2022 17:04:22: 	MongoDB Connection Successful
info: Jan-15-2022 17:04:22: 	Server started and running on http://localhost:5000
info: Jan-15-2022 17:04:26: 	MongoDB Connection Successful
info: Jan-15-2022 17:04:26: 	Server started and running on http://localhost:5000
info: Jan-15-2022 17:04:29: 	MongoDB Connection Successful
info: Jan-15-2022 17:04:29: 	Server started and running on http://localhost:5000
info: Jan-15-2022 17:04:48: 	MongoDB Connection Successful
info: Jan-15-2022 17:04:48: 	Server started and running on http://localhost:5000
info: Jan-15-2022 17:04:52: 	MongoDB Connection Successful
info: Jan-15-2022 17:04:52: 	Server started and running on http://localhost:5000
info: Jan-15-2022 17:04:54: 	MongoDB Connection Successful
info: Jan-15-2022 17:04:54: 	Server started and running on http://localhost:5000
info: Jan-15-2022 17:05:00: 	MongoDB Connection Successful
info: Jan-15-2022 17:05:00: 	Server started and running on http://localhost:5000
info: Jan-15-2022 17:05:02: 	MongoDB Connection Successful
info: Jan-15-2022 17:05:02: 	Server started and running on http://localhost:5000
info: Jan-15-2022 17:05:07: 	MongoDB Connection Successful
info: Jan-15-2022 17:05:07: 	Server started and running on http://localhost:5000
info: Jan-15-2022 17:07:53: 	MongoDB Connection Successful
info: Jan-15-2022 17:07:53: 	Server started and running on http://localhost:5000
info: Jan-15-2022 17:07:58: 	MongoDB Connection Successful
info: Jan-15-2022 17:07:58: 	Server started and running on http://localhost:5000
info: Jan-15-2022 17:08:01: 	MongoDB Connection Successful
info: Jan-15-2022 17:08:01: 	Server started and running on http://localhost:5000
info: Jan-15-2022 17:08:03: 	MongoDB Connection Successful
info: Jan-15-2022 17:08:03: 	Server started and running on http://localhost:5000
info: Jan-15-2022 17:08:42: 	Static files i.e. client served
info: Jan-15-2022 17:09:19: 	MongoDB Connection Successful
info: Jan-15-2022 17:09:19: 	Server started and running on http://localhost:5000
info: Jan-15-2022 17:09:45: 	MongoDB Connection Successful
info: Jan-15-2022 17:09:45: 	Server started and running on http://localhost:5000
info: Jan-15-2022 17:10:12: 	MongoDB Connection Successful
info: Jan-15-2022 17:10:12: 	Server started and running on http://localhost:5000
info: Jan-15-2022 17:10:38: 	MongoDB Connection Successful
info: Jan-15-2022 17:10:38: 	Server started and running on http://localhost:5000
info: Jan-15-2022 17:11:20: 	MongoDB Connection Successful
info: Jan-15-2022 17:11:20: 	Server started and running on http://localhost:5000
info: Jan-15-2022 17:11:33: 	MongoDB Connection Successful
info: Jan-15-2022 17:11:33: 	Server started and running on http://localhost:5000
info: Jan-15-2022 17:12:00: 	MongoDB Connection Successful
info: Jan-15-2022 17:12:00: 	Server started and running on http://localhost:5000
info: Jan-15-2022 17:27:03: 	MongoDB Connection Successful
info: Jan-15-2022 17:27:03: 	Server started and running on http://localhost:5000
info: Jan-15-2022 17:27:30: 	MongoDB Connection Successful
info: Jan-15-2022 17:27:30: 	Server started and running on http://localhost:5000
info: Jan-15-2022 17:28:46: 	MongoDB Connection Successful
info: Jan-15-2022 17:28:46: 	Server started and running on http://localhost:5000
info: Jan-15-2022 17:30:28: 	MongoDB Connection Successful
info: Jan-15-2022 17:30:28: 	Server started and running on http://localhost:5000
info: Jan-15-2022 17:30:32: 	MongoDB Connection Successful
info: Jan-15-2022 17:30:32: 	Server started and running on http://localhost:5000
info: Jan-15-2022 17:30:39: 	MongoDB Connection Successful
info: Jan-15-2022 17:30:39: 	Server started and running on http://localhost:5000
info: Jan-15-2022 17:31:03: 	MongoDB Connection Successful
info: Jan-15-2022 17:31:03: 	Server started and running on http://localhost:5000
info: Jan-15-2022 17:31:24: 	MongoDB Connection Successful
info: Jan-15-2022 17:31:24: 	Server started and running on http://localhost:5000
info: Jan-15-2022 17:31:51: 	MongoDB Connection Successful
info: Jan-15-2022 17:31:51: 	Server started and running on http://localhost:5000
info: Jan-15-2022 17:31:55: 	MongoDB Connection Successful
info: Jan-15-2022 17:31:55: 	Server started and running on http://localhost:5000
info: Jan-15-2022 17:55:36: 	MongoDB Connection Successful
info: Jan-15-2022 17:55:36: 	Server started and running on http://localhost:5000
info: Jan-15-2022 17:56:07: 	MongoDB Connection Successful
info: Jan-15-2022 17:56:07: 	Server started and running on http://localhost:5000
info: Jan-15-2022 18:27:40: 	MongoDB Connection Successful
info: Jan-15-2022 18:27:40: 	Server started and running on http://localhost:5000
info: Jan-15-2022 18:32:16: 	MongoDB Connection Successful
info: Jan-15-2022 18:32:16: 	Server started and running on http://localhost:5000
info: Jan-15-2022 18:33:18: 	MongoDB Connection Successful
info: Jan-15-2022 18:33:18: 	Server started and running on http://localhost:5000
info: Jan-15-2022 18:34:47: 	MongoDB Connection Successful
info: Jan-15-2022 18:34:47: 	Server started and running on http://localhost:5000
info: Jan-15-2022 18:34:48: 	MongoDB Connection Successful
info: Jan-15-2022 18:34:48: 	Server started and running on http://localhost:5000
info: Jan-15-2022 18:34:50: 	MongoDB Connection Successful
info: Jan-15-2022 18:34:50: 	Server started and running on http://localhost:5000
info: Jan-15-2022 18:34:51: 	MongoDB Connection Successful
info: Jan-15-2022 18:34:51: 	Server started and running on http://localhost:5000
info: Jan-15-2022 18:34:53: 	MongoDB Connection Successful
info: Jan-15-2022 18:34:53: 	Server started and running on http://localhost:5000
info: Jan-15-2022 18:34:55: 	MongoDB Connection Successful
info: Jan-15-2022 18:34:55: 	Server started and running on http://localhost:5000
info: Jan-15-2022 18:34:56: 	MongoDB Connection Successful
info: Jan-15-2022 18:34:56: 	Server started and running on http://localhost:5000
info: Jan-15-2022 18:35:02: 	MongoDB Connection Successful
info: Jan-15-2022 18:35:02: 	Server started and running on http://localhost:5000
info: Jan-15-2022 18:35:05: 	MongoDB Connection Successful
info: Jan-15-2022 18:35:05: 	Server started and running on http://localhost:5000
info: Jan-15-2022 18:35:38: 	MongoDB Connection Successful
info: Jan-15-2022 18:35:38: 	Server started and running on http://localhost:5000
info: Jan-15-2022 18:36:18: 	MongoDB Connection Successful
info: Jan-15-2022 18:36:18: 	Server started and running on http://localhost:5000
info: Jan-15-2022 18:39:49: 	MongoDB Connection Successful
info: Jan-15-2022 18:39:49: 	Server started and running on http://localhost:5000
info: Jan-15-2022 18:40:04: 	MongoDB Connection Successful
info: Jan-15-2022 18:40:04: 	Server started and running on http://localhost:5000
info: Jan-15-2022 18:40:40: 	MongoDB Connection Successful
info: Jan-15-2022 18:40:40: 	Server started and running on http://localhost:5000
info: Jan-15-2022 18:40:51: 	MongoDB Connection Successful
info: Jan-15-2022 18:40:51: 	Server started and running on http://localhost:5000
info: Jan-15-2022 18:41:02: 	MongoDB Connection Successful
info: Jan-15-2022 18:41:02: 	Server started and running on http://localhost:5000
info: Jan-15-2022 18:41:29: 	MongoDB Connection Successful
info: Jan-15-2022 18:41:29: 	Server started and running on http://localhost:5000
info: Jan-15-2022 18:41:45: 	MongoDB Connection Successful
info: Jan-15-2022 18:41:45: 	Server started and running on http://localhost:5000
info: Jan-15-2022 18:42:02: 	MongoDB Connection Successful
info: Jan-15-2022 18:42:02: 	Server started and running on http://localhost:5000
info: Jan-15-2022 18:42:03: 	MongoDB Connection Successful
info: Jan-15-2022 18:42:03: 	Server started and running on http://localhost:5000
info: Jan-15-2022 18:42:17: 	MongoDB Connection Successful
info: Jan-15-2022 18:42:17: 	Server started and running on http://localhost:5000
info: Jan-15-2022 18:42:29: 	MongoDB Connection Successful
info: Jan-15-2022 18:42:29: 	Server started and running on http://localhost:5000
info: Jan-15-2022 18:42:35: 	MongoDB Connection Successful
info: Jan-15-2022 18:42:35: 	Server started and running on http://localhost:5000
info: Jan-15-2022 18:42:45: 	MongoDB Connection Successful
info: Jan-15-2022 18:42:45: 	Server started and running on http://localhost:5000
info: Jan-15-2022 18:42:48: 	MongoDB Connection Successful
info: Jan-15-2022 18:42:48: 	Server started and running on http://localhost:5000
info: Jan-15-2022 18:43:25: 	MongoDB Connection Successful
info: Jan-15-2022 18:43:25: 	Server started and running on http://localhost:5000
info: Jan-15-2022 18:43:41: 	MongoDB Connection Successful
info: Jan-15-2022 18:43:41: 	Server started and running on http://localhost:5000
info: Jan-15-2022 18:52:16: 	MongoDB Connection Successful
info: Jan-15-2022 18:52:16: 	Server started and running on http://localhost:5000
info: Jan-15-2022 18:52:17: 	MongoDB Connection Successful
info: Jan-15-2022 18:52:17: 	Server started and running on http://localhost:5000
info: Jan-15-2022 18:53:32: 	MongoDB Connection Successful
info: Jan-15-2022 18:53:32: 	Server started and running on http://localhost:5000
info: Jan-15-2022 18:54:12: 	MongoDB Connection Successful
info: Jan-15-2022 18:54:12: 	Server started and running on http://localhost:5000
info: Jan-15-2022 18:54:16: 	MongoDB Connection Successful
info: Jan-15-2022 18:54:16: 	Server started and running on http://localhost:5000
info: Jan-15-2022 18:54:23: 	Static files i.e. client served
info: Jan-15-2022 18:54:41: 	Static files i.e. client served
info: Jan-15-2022 18:55:53: 	MongoDB Connection Successful
info: Jan-15-2022 18:55:53: 	Server started and running on http://localhost:5000
info: Jan-15-2022 18:55:56: 	MongoDB Connection Successful
info: Jan-15-2022 18:55:56: 	Server started and running on http://localhost:5000
info: Jan-15-2022 18:57:16: 	MongoDB Connection Successful
info: Jan-15-2022 18:57:16: 	Server started and running on http://localhost:5000
info: Jan-15-2022 18:57:22: 	MongoDB Connection Successful
info: Jan-15-2022 18:57:22: 	Server started and running on http://localhost:5000
info: Jan-15-2022 18:58:30: 	Static files i.e. client served
info: Jan-15-2022 18:58:35: 	Static files i.e. client served
info: Jan-15-2022 19:01:35: 	MongoDB Connection Successful
info: Jan-15-2022 19:01:35: 	Server started and running on http://localhost:5000
info: Jan-15-2022 19:01:41: 	Static files i.e. client served
info: Jan-15-2022 19:01:52: 	Static files i.e. client served
info: Jan-15-2022 19:02:44: 	Static files i.e. client served
info: Jan-15-2022 19:12:30: 	MongoDB Connection Successful
info: Jan-15-2022 19:12:30: 	Server started and running on http://localhost:5000
info: Jan-15-2022 19:12:47: 	MongoDB Connection Successful
info: Jan-15-2022 19:12:47: 	Server started and running on http://localhost:5000
info: Jan-15-2022 19:13:39: 	MongoDB Connection Successful
info: Jan-15-2022 19:13:39: 	Server started and running on http://localhost:5000
info: Jan-15-2022 19:13:50: 	MongoDB Connection Successful
info: Jan-15-2022 19:13:50: 	Server started and running on http://localhost:5000
info: Jan-15-2022 19:13:56: 	Static files i.e. client served
info: Jan-15-2022 19:14:19: 	MongoDB Connection Successful
info: Jan-15-2022 19:14:19: 	Server started and running on http://localhost:5000
info: Jan-15-2022 19:16:27: 	Static files i.e. client served
info: Jan-15-2022 19:17:03: 	MongoDB Connection Successful
info: Jan-15-2022 19:17:03: 	Server started and running on http://localhost:5000
info: Jan-15-2022 19:17:15: 	MongoDB Connection Successful
info: Jan-15-2022 19:17:15: 	Server started and running on http://localhost:5000
info: Jan-15-2022 19:17:22: 	Static files i.e. client served
info: Jan-15-2022 19:55:58: 	MongoDB Connection Successful
info: Jan-15-2022 19:55:58: 	Server started and running on http://localhost:5000
info: Jan-15-2022 19:56:29: 	MongoDB Connection Successful
info: Jan-15-2022 19:56:29: 	Server started and running on http://localhost:5000
info: Jan-15-2022 19:56:34: 	MongoDB Connection Successful
info: Jan-15-2022 19:56:34: 	Server started and running on http://localhost:5000
info: Jan-15-2022 19:56:40: 	Static files i.e. client served
info: Jan-15-2022 19:57:20: 	MongoDB Connection Successful
info: Jan-15-2022 19:57:20: 	Server started and running on http://localhost:5000
info: Jan-15-2022 19:57:24: 	MongoDB Connection Successful
info: Jan-15-2022 19:57:24: 	Server started and running on http://localhost:5000
info: Jan-15-2022 19:57:57: 	MongoDB Connection Successful
info: Jan-15-2022 19:57:57: 	Server started and running on http://localhost:5000
info: Jan-15-2022 19:58:01: 	MongoDB Connection Successful
info: Jan-15-2022 19:58:01: 	Server started and running on http://localhost:5000
info: Jan-15-2022 19:58:06: 	Static files i.e. client served
info: Jan-15-2022 20:03:08: 	MongoDB Connection Successful
info: Jan-15-2022 20:03:08: 	Server started and running on http://localhost:5000
info: Jan-15-2022 20:03:56: 	MongoDB Connection Successful
info: Jan-15-2022 20:03:56: 	Server started and running on http://localhost:5000
info: Jan-15-2022 20:03:57: 	MongoDB Connection Successful
info: Jan-15-2022 20:03:57: 	Server started and running on http://localhost:5000
info: Jan-15-2022 20:04:00: 	MongoDB Connection Successful
info: Jan-15-2022 20:04:00: 	Server started and running on http://localhost:5000
info: Jan-15-2022 20:04:02: 	MongoDB Connection Successful
info: Jan-15-2022 20:04:02: 	Server started and running on http://localhost:5000
info: Jan-15-2022 20:04:05: 	MongoDB Connection Successful
info: Jan-15-2022 20:04:05: 	Server started and running on http://localhost:5000
info: Jan-15-2022 20:04:14: 	MongoDB Connection Successful
info: Jan-15-2022 20:04:14: 	Server started and running on http://localhost:5000
info: Jan-15-2022 20:04:48: 	MongoDB Connection Successful
info: Jan-15-2022 20:04:48: 	Server started and running on http://localhost:5000
info: Jan-15-2022 20:05:21: 	MongoDB Connection Successful
info: Jan-15-2022 20:05:21: 	Server started and running on http://localhost:5000
info: Jan-15-2022 20:05:59: 	MongoDB Connection Successful
info: Jan-15-2022 20:05:59: 	Server started and running on http://localhost:5000
info: Jan-15-2022 20:06:05: 	MongoDB Connection Successful
info: Jan-15-2022 20:06:05: 	Server started and running on http://localhost:5000
info: Jan-15-2022 20:06:07: 	MongoDB Connection Successful
info: Jan-15-2022 20:06:07: 	Server started and running on http://localhost:5000
info: Jan-15-2022 20:06:15: 	MongoDB Connection Successful
info: Jan-15-2022 20:06:15: 	Server started and running on http://localhost:5000
info: Jan-15-2022 20:06:46: 	MongoDB Connection Successful
info: Jan-15-2022 20:06:46: 	Server started and running on http://localhost:5000
info: Jan-15-2022 20:06:52: 	MongoDB Connection Successful
info: Jan-15-2022 20:06:52: 	Server started and running on http://localhost:5000
info: Jan-15-2022 20:07:13: 	MongoDB Connection Successful
info: Jan-15-2022 20:07:13: 	Server started and running on http://localhost:5000
info: Jan-15-2022 20:07:15: 	MongoDB Connection Successful
info: Jan-15-2022 20:07:15: 	Server started and running on http://localhost:5000
info: Jan-15-2022 20:07:45: 	MongoDB Connection Successful
info: Jan-15-2022 20:07:45: 	Server started and running on http://localhost:5000
info: Jan-15-2022 20:14:34: 	MongoDB Connection Successful
info: Jan-15-2022 20:14:34: 	Server started and running on http://localhost:5000
info: Jan-15-2022 20:14:36: 	MongoDB Connection Successful
info: Jan-15-2022 20:14:36: 	Server started and running on http://localhost:5000
info: Jan-15-2022 20:14:38: 	MongoDB Connection Successful
info: Jan-15-2022 20:14:38: 	Server started and running on http://localhost:5000
info: Jan-15-2022 20:14:40: 	MongoDB Connection Successful
info: Jan-15-2022 20:14:40: 	Server started and running on http://localhost:5000
info: Jan-15-2022 20:14:41: 	MongoDB Connection Successful
info: Jan-15-2022 20:14:41: 	Server started and running on http://localhost:5000
info: Jan-15-2022 20:14:44: 	MongoDB Connection Successful
info: Jan-15-2022 20:14:44: 	Server started and running on http://localhost:5000
info: Jan-15-2022 20:14:47: 	MongoDB Connection Successful
info: Jan-15-2022 20:14:47: 	Server started and running on http://localhost:5000
info: Jan-15-2022 20:14:49: 	MongoDB Connection Successful
info: Jan-15-2022 20:14:49: 	Server started and running on http://localhost:5000
info: Jan-15-2022 20:14:51: 	MongoDB Connection Successful
info: Jan-15-2022 20:14:51: 	Server started and running on http://localhost:5000
info: Jan-15-2022 20:14:53: 	MongoDB Connection Successful
info: Jan-15-2022 20:14:53: 	Server started and running on http://localhost:5000
info: Jan-15-2022 20:14:55: 	MongoDB Connection Successful
info: Jan-15-2022 20:14:55: 	Server started and running on http://localhost:5000
info: Jan-15-2022 20:14:56: 	MongoDB Connection Successful
info: Jan-15-2022 20:14:56: 	Server started and running on http://localhost:5000
info: Jan-15-2022 20:14:58: 	MongoDB Connection Successful
info: Jan-15-2022 20:14:58: 	Server started and running on http://localhost:5000
info: Jan-15-2022 20:14:59: 	MongoDB Connection Successful
info: Jan-15-2022 20:14:59: 	Server started and running on http://localhost:5000
info: Jan-15-2022 20:15:01: 	MongoDB Connection Successful
info: Jan-15-2022 20:15:01: 	Server started and running on http://localhost:5000
info: Jan-15-2022 20:15:03: 	MongoDB Connection Successful
info: Jan-15-2022 20:15:03: 	Server started and running on http://localhost:5000
info: Jan-15-2022 20:15:05: 	MongoDB Connection Successful
info: Jan-15-2022 20:15:05: 	Server started and running on http://localhost:5000
info: Jan-15-2022 20:15:06: 	MongoDB Connection Successful
info: Jan-15-2022 20:15:06: 	Server started and running on http://localhost:5000
info: Jan-15-2022 20:15:09: 	MongoDB Connection Successful
info: Jan-15-2022 20:15:09: 	Server started and running on http://localhost:5000
info: Jan-15-2022 20:15:10: 	MongoDB Connection Successful
info: Jan-15-2022 20:15:10: 	Server started and running on http://localhost:5000
info: Jan-15-2022 20:15:12: 	MongoDB Connection Successful
info: Jan-15-2022 20:15:12: 	Server started and running on http://localhost:5000
info: Jan-15-2022 20:15:14: 	MongoDB Connection Successful
info: Jan-15-2022 20:15:14: 	Server started and running on http://localhost:5000
info: Jan-15-2022 20:15:15: 	MongoDB Connection Successful
info: Jan-15-2022 20:15:15: 	Server started and running on http://localhost:5000
info: Jan-15-2022 20:15:16: 	MongoDB Connection Successful
info: Jan-15-2022 20:15:16: 	Server started and running on http://localhost:5000
info: Jan-15-2022 20:15:24: 	MongoDB Connection Successful
info: Jan-15-2022 20:15:24: 	Server started and running on http://localhost:5000
info: Jan-15-2022 20:15:26: 	MongoDB Connection Successful
info: Jan-15-2022 20:15:26: 	Server started and running on http://localhost:5000
info: Jan-15-2022 20:16:01: 	MongoDB Connection Successful
info: Jan-15-2022 20:16:01: 	Server started and running on http://localhost:5000
info: Jan-15-2022 21:01:35: 	MongoDB Connection Successful
info: Jan-15-2022 21:01:35: 	Server started and running on http://localhost:5000
info: Jan-15-2022 21:02:58: 	MongoDB Connection Successful
info: Jan-15-2022 21:02:58: 	Server started and running on http://localhost:5000
info: Jan-15-2022 21:03:01: 	MongoDB Connection Successful
info: Jan-15-2022 21:03:01: 	Server started and running on http://localhost:5000
info: Jan-15-2022 21:03:11: 	MongoDB Connection Successful
info: Jan-15-2022 21:03:11: 	Server started and running on http://localhost:5000
info: Jan-15-2022 21:03:33: 	MongoDB Connection Successful
info: Jan-15-2022 21:03:33: 	Server started and running on http://localhost:5000
info: Jan-15-2022 21:03:45: 	MongoDB Connection Successful
info: Jan-15-2022 21:03:45: 	Server started and running on http://localhost:5000
info: Jan-15-2022 21:30:35: 	MongoDB Connection Successful
info: Jan-15-2022 21:30:35: 	Server started and running on http://localhost:5000
info: Jan-15-2022 21:31:11: 	MongoDB Connection Successful
info: Jan-15-2022 21:31:11: 	Server started and running on http://localhost:5000
info: Jan-15-2022 21:34:34: 	MongoDB Connection Successful
info: Jan-15-2022 21:34:34: 	Server started and running on http://localhost:5000
info: Jan-15-2022 21:50:04: 	MongoDB Connection Successful
info: Jan-15-2022 21:50:04: 	Server started and running on http://localhost:5000
info: Jan-15-2022 21:50:49: 	JWT Signed and sent as response for login request
info: Jan-15-2022 21:52:01: 	Static files i.e. client served
info: Jan-15-2022 21:56:33: 	MongoDB Connection Successful
info: Jan-15-2022 21:56:33: 	Server started and running on http://localhost:5000
info: Jan-15-2022 21:56:38: 	MongoDB Connection Successful
info: Jan-15-2022 21:56:38: 	Server started and running on http://localhost:5000
info: Jan-15-2022 22:00:29: 	MongoDB Connection Successful
info: Jan-15-2022 22:00:29: 	Server started and running on http://localhost:5000
info: Jan-15-2022 22:03:05: 	MongoDB Connection Successful
info: Jan-15-2022 22:03:05: 	Server started and running on http://localhost:5000
info: Jan-15-2022 22:04:53: 	MongoDB Connection Successful
info: Jan-15-2022 22:04:53: 	Server started and running on http://localhost:5000
info: Jan-15-2022 22:05:57: 	MongoDB Connection Successful
info: Jan-15-2022 22:05:57: 	Server started and running on http://localhost:5000
info: Jan-15-2022 22:06:18: 	MongoDB Connection Successful
info: Jan-15-2022 22:06:18: 	Server started and running on http://localhost:5000
info: Jan-15-2022 22:18:50: 	MongoDB Connection Successful
info: Jan-15-2022 22:18:50: 	Server started and running on http://localhost:5000
info: Jan-15-2022 22:26:47: 	MongoDB Connection Successful
info: Jan-15-2022 22:26:47: 	Server started and running on http://localhost:5000
info: Jan-15-2022 22:26:49: 	MongoDB Connection Successful
info: Jan-15-2022 22:26:49: 	Server started and running on http://localhost:5000
info: Jan-15-2022 22:26:51: 	MongoDB Connection Successful
info: Jan-15-2022 22:26:51: 	Server started and running on http://localhost:5000
info: Jan-15-2022 22:26:53: 	MongoDB Connection Successful
info: Jan-15-2022 22:26:53: 	Server started and running on http://localhost:5000
info: Jan-15-2022 22:27:03: 	MongoDB Connection Successful
info: Jan-15-2022 22:27:03: 	Server started and running on http://localhost:5000
info: Jan-15-2022 22:27:06: 	MongoDB Connection Successful
info: Jan-15-2022 22:27:06: 	Server started and running on http://localhost:5000
info: Jan-15-2022 22:27:23: 	MongoDB Connection Successful
info: Jan-15-2022 22:27:23: 	Server started and running on http://localhost:5000
info: Jan-15-2022 22:27:50: 	MongoDB Connection Successful
info: Jan-15-2022 22:27:50: 	Server started and running on http://localhost:5000
info: Jan-15-2022 22:27:55: 	MongoDB Connection Successful
info: Jan-15-2022 22:27:55: 	Server started and running on http://localhost:5000
info: Jan-15-2022 22:28:22: 	MongoDB Connection Successful
info: Jan-15-2022 22:28:22: 	Server started and running on http://localhost:5000
info: Jan-15-2022 22:34:38: 	MongoDB Connection Successful
info: Jan-15-2022 22:34:38: 	Server started and running on http://localhost:5000
info: Jan-15-2022 22:36:05: 	MongoDB Connection Successful
info: Jan-15-2022 22:36:05: 	Server started and running on http://localhost:5000
info: Jan-15-2022 22:36:53: 	MongoDB Connection Successful
info: Jan-15-2022 22:36:53: 	Server started and running on http://localhost:5000
info: Jan-15-2022 22:37:29: 	MongoDB Connection Successful
info: Jan-15-2022 22:37:29: 	Server started and running on http://localhost:5000
info: Jan-15-2022 22:37:32: 	MongoDB Connection Successful
info: Jan-15-2022 22:37:32: 	Server started and running on http://localhost:5000
info: Jan-15-2022 22:37:46: 	MongoDB Connection Successful
info: Jan-15-2022 22:37:46: 	Server started and running on http://localhost:5000
info: Jan-15-2022 22:37:51: 	MongoDB Connection Successful
info: Jan-15-2022 22:37:51: 	Server started and running on http://localhost:5000
info: Jan-15-2022 22:37:53: 	MongoDB Connection Successful
info: Jan-15-2022 22:37:53: 	Server started and running on http://localhost:5000
info: Jan-15-2022 22:37:54: 	MongoDB Connection Successful
info: Jan-15-2022 22:37:54: 	Server started and running on http://localhost:5000
info: Jan-15-2022 22:38:05: 	MongoDB Connection Successful
info: Jan-15-2022 22:38:05: 	Server started and running on http://localhost:5000
info: Jan-15-2022 22:38:14: 	MongoDB Connection Successful
info: Jan-15-2022 22:38:14: 	Server started and running on http://localhost:5000
info: Jan-15-2022 22:38:23: 	MongoDB Connection Successful
info: Jan-15-2022 22:38:23: 	Server started and running on http://localhost:5000
info: Jan-15-2022 22:38:38: 	MongoDB Connection Successful
info: Jan-15-2022 22:38:38: 	Server started and running on http://localhost:5000
info: Jan-15-2022 22:38:41: 	MongoDB Connection Successful
info: Jan-15-2022 22:38:41: 	Server started and running on http://localhost:5000
info: Jan-15-2022 22:38:44: 	MongoDB Connection Successful
info: Jan-15-2022 22:38:44: 	Server started and running on http://localhost:5000
info: Jan-15-2022 22:39:27: 	MongoDB Connection Successful
info: Jan-15-2022 22:39:27: 	Server started and running on http://localhost:5000
info: Jan-15-2022 22:39:54: 	MongoDB Connection Successful
info: Jan-15-2022 22:39:54: 	Server started and running on http://localhost:5000
info: Jan-15-2022 22:40:08: 	MongoDB Connection Successful
info: Jan-15-2022 22:40:08: 	Server started and running on http://localhost:5000
info: Jan-15-2022 22:40:42: 	MongoDB Connection Successful
info: Jan-15-2022 22:40:42: 	Server started and running on http://localhost:5000
info: Jan-15-2022 22:41:26: 	MongoDB Connection Successful
info: Jan-15-2022 22:41:26: 	Server started and running on http://localhost:5000
info: Jan-15-2022 22:41:30: 	MongoDB Connection Successful
info: Jan-15-2022 22:41:30: 	Server started and running on http://localhost:5000
info: Jan-15-2022 22:41:59: 	MongoDB Connection Successful
info: Jan-15-2022 22:41:59: 	Server started and running on http://localhost:5000
info: Jan-15-2022 22:42:03: 	MongoDB Connection Successful
info: Jan-15-2022 22:42:03: 	Server started and running on http://localhost:5000
info: Jan-15-2022 22:42:12: 	MongoDB Connection Successful
info: Jan-15-2022 22:42:12: 	Server started and running on http://localhost:5000
info: Jan-15-2022 22:42:18: 	MongoDB Connection Successful
info: Jan-15-2022 22:42:18: 	Server started and running on http://localhost:5000
info: Jan-15-2022 22:42:51: 	MongoDB Connection Successful
info: Jan-15-2022 22:42:51: 	Server started and running on http://localhost:5000
info: Jan-15-2022 22:44:13: 	MongoDB Connection Successful
info: Jan-15-2022 22:44:13: 	Server started and running on http://localhost:5000
info: Jan-15-2022 22:44:59: 	MongoDB Connection Successful
info: Jan-15-2022 22:44:59: 	Server started and running on http://localhost:5000
info: Jan-15-2022 22:45:27: 	MongoDB Connection Successful
info: Jan-15-2022 22:45:27: 	Server started and running on http://localhost:5000
info: Jan-15-2022 22:45:31: 	MongoDB Connection Successful
info: Jan-15-2022 22:45:31: 	Server started and running on http://localhost:5000
info: Jan-15-2022 22:45:42: 	MongoDB Connection Successful
info: Jan-15-2022 22:45:42: 	Server started and running on http://localhost:5000
info: Jan-15-2022 22:46:09: 	MongoDB Connection Successful
info: Jan-15-2022 22:46:09: 	Server started and running on http://localhost:5000
info: Jan-15-2022 22:46:24: 	MongoDB Connection Successful
info: Jan-15-2022 22:46:24: 	Server started and running on http://localhost:5000
info: Jan-15-2022 22:46:48: 	MongoDB Connection Successful
info: Jan-15-2022 22:46:48: 	Server started and running on http://localhost:5000
info: Jan-15-2022 22:47:22: 	MongoDB Connection Successful
info: Jan-15-2022 22:47:22: 	Server started and running on http://localhost:5000
info: Jan-15-2022 22:47:57: 	MongoDB Connection Successful
info: Jan-15-2022 22:47:57: 	Server started and running on http://localhost:5000
info: Jan-15-2022 22:48:20: 	MongoDB Connection Successful
info: Jan-15-2022 22:48:20: 	Server started and running on http://localhost:5000
info: Jan-15-2022 22:48:49: 	MongoDB Connection Successful
info: Jan-15-2022 22:48:49: 	Server started and running on http://localhost:5000
info: Jan-15-2022 22:49:27: 	MongoDB Connection Successful
info: Jan-15-2022 22:49:27: 	Server started and running on http://localhost:5000
info: Jan-15-2022 22:50:09: 	MongoDB Connection Successful
info: Jan-15-2022 22:50:09: 	Server started and running on http://localhost:5000
info: Jan-15-2022 23:00:56: 	MongoDB Connection Successful
info: Jan-15-2022 23:00:56: 	Server started and running on http://localhost:5000
info: Jan-15-2022 23:01:11: 	MongoDB Connection Successful
info: Jan-15-2022 23:01:11: 	Server started and running on http://localhost:5000
info: Jan-15-2022 23:01:17: 	MongoDB Connection Successful
info: Jan-15-2022 23:01:17: 	Server started and running on http://localhost:5000
info: Jan-15-2022 23:01:23: 	MongoDB Connection Successful
info: Jan-15-2022 23:01:23: 	Server started and running on http://localhost:5000
info: Jan-15-2022 23:01:25: 	MongoDB Connection Successful
info: Jan-15-2022 23:01:25: 	Server started and running on http://localhost:5000
info: Jan-15-2022 23:01:29: 	MongoDB Connection Successful
info: Jan-15-2022 23:01:29: 	Server started and running on http://localhost:5000
info: Jan-15-2022 23:01:31: 	MongoDB Connection Successful
info: Jan-15-2022 23:01:31: 	Server started and running on http://localhost:5000
info: Jan-15-2022 23:08:38: 	MongoDB Connection Successful
info: Jan-15-2022 23:08:38: 	Server started and running on http://localhost:5000
info: Jan-15-2022 23:08:59: 	MongoDB Connection Successful
info: Jan-15-2022 23:08:59: 	Server started and running on http://localhost:5000
info: Jan-15-2022 23:09:04: 	MongoDB Connection Successful
info: Jan-15-2022 23:09:04: 	Server started and running on http://localhost:5000
info: Jan-15-2022 23:09:06: 	MongoDB Connection Successful
info: Jan-15-2022 23:09:06: 	Server started and running on http://localhost:5000
info: Jan-15-2022 23:41:00: 	MongoDB Connection Successful
info: Jan-15-2022 23:41:00: 	Server started and running on http://localhost:5000
info: Jan-15-2022 23:44:51: 	MongoDB Connection Successful
info: Jan-15-2022 23:44:51: 	Server started and running on http://localhost:5000
info: Jan-15-2022 23:44:56: 	MongoDB Connection Successful
info: Jan-15-2022 23:44:56: 	Server started and running on http://localhost:5000
info: Jan-15-2022 23:45:02: 	MongoDB Connection Successful
info: Jan-15-2022 23:45:02: 	Server started and running on http://localhost:5000
info: Jan-15-2022 23:45:05: 	MongoDB Connection Successful
info: Jan-15-2022 23:45:05: 	Server started and running on http://localhost:5000
info: Jan-15-2022 23:45:06: 	MongoDB Connection Successful
info: Jan-15-2022 23:45:06: 	Server started and running on http://localhost:5000
info: Jan-15-2022 23:45:07: 	MongoDB Connection Successful
info: Jan-15-2022 23:45:07: 	Server started and running on http://localhost:5000
info: Jan-15-2022 23:45:14: 	MongoDB Connection Successful
info: Jan-15-2022 23:45:14: 	Server started and running on http://localhost:5000
info: Jan-15-2022 23:45:19: 	MongoDB Connection Successful
info: Jan-15-2022 23:45:19: 	Server started and running on http://localhost:5000
info: Jan-15-2022 23:45:20: 	MongoDB Connection Successful
info: Jan-15-2022 23:45:20: 	Server started and running on http://localhost:5000
info: Jan-15-2022 23:45:27: 	MongoDB Connection Successful
info: Jan-15-2022 23:45:27: 	Server started and running on http://localhost:5000
info: Jan-15-2022 23:45:30: 	MongoDB Connection Successful
info: Jan-15-2022 23:45:30: 	Server started and running on http://localhost:5000
info: Jan-15-2022 23:46:07: 	MongoDB Connection Successful
info: Jan-15-2022 23:46:07: 	Server started and running on http://localhost:5000
info: Jan-15-2022 23:46:23: 	MongoDB Connection Successful
info: Jan-15-2022 23:46:23: 	Server started and running on http://localhost:5000
info: Jan-15-2022 23:46:49: 	MongoDB Connection Successful
info: Jan-15-2022 23:46:49: 	Server started and running on http://localhost:5000
info: Jan-15-2022 23:47:22: 	MongoDB Connection Successful
info: Jan-15-2022 23:47:22: 	Server started and running on http://localhost:5000
info: Jan-15-2022 23:49:09: 	MongoDB Connection Successful
info: Jan-15-2022 23:49:09: 	Server started and running on http://localhost:5000
info: Jan-15-2022 23:49:11: 	MongoDB Connection Successful
info: Jan-15-2022 23:49:11: 	Server started and running on http://localhost:5000
info: Jan-15-2022 23:51:08: 	MongoDB Connection Successful
info: Jan-15-2022 23:51:08: 	Server started and running on http://localhost:5000
info: Jan-15-2022 23:51:12: 	MongoDB Connection Successful
info: Jan-15-2022 23:51:12: 	Server started and running on http://localhost:5000
info: Jan-15-2022 23:51:30: 	MongoDB Connection Successful
info: Jan-15-2022 23:51:30: 	Server started and running on http://localhost:5000
info: Jan-15-2022 23:51:32: 	MongoDB Connection Successful
info: Jan-15-2022 23:51:32: 	Server started and running on http://localhost:5000
info: Jan-15-2022 23:51:44: 	MongoDB Connection Successful
info: Jan-15-2022 23:51:44: 	Server started and running on http://localhost:5000
info: Jan-15-2022 23:51:46: 	MongoDB Connection Successful
info: Jan-15-2022 23:51:46: 	Server started and running on http://localhost:5000
info: Jan-15-2022 23:53:54: 	MongoDB Connection Successful
info: Jan-15-2022 23:53:54: 	Server started and running on http://localhost:5000
info: Jan-15-2022 23:53:56: 	MongoDB Connection Successful
info: Jan-15-2022 23:53:56: 	Server started and running on http://localhost:5000
info: Jan-15-2022 23:54:11: 	MongoDB Connection Successful
info: Jan-15-2022 23:54:11: 	Server started and running on http://localhost:5000
info: Jan-15-2022 23:54:13: 	MongoDB Connection Successful
info: Jan-15-2022 23:54:13: 	Server started and running on http://localhost:5000
info: Jan-15-2022 23:54:23: 	MongoDB Connection Successful
info: Jan-15-2022 23:54:23: 	Server started and running on http://localhost:5000
info: Jan-15-2022 23:54:27: 	MongoDB Connection Successful
info: Jan-15-2022 23:54:27: 	Server started and running on http://localhost:5000
info: Jan-15-2022 23:54:32: 	MongoDB Connection Successful
info: Jan-15-2022 23:54:32: 	Server started and running on http://localhost:5000
info: Jan-15-2022 23:54:37: 	MongoDB Connection Successful
info: Jan-15-2022 23:54:37: 	Server started and running on http://localhost:5000
info: Jan-15-2022 23:54:39: 	MongoDB Connection Successful
info: Jan-15-2022 23:54:39: 	Server started and running on http://localhost:5000
info: Jan-15-2022 23:54:52: 	MongoDB Connection Successful
info: Jan-15-2022 23:54:52: 	Server started and running on http://localhost:5000
info: Jan-15-2022 23:54:53: 	MongoDB Connection Successful
info: Jan-15-2022 23:54:53: 	Server started and running on http://localhost:5000
info: Jan-15-2022 23:55:10: 	MongoDB Connection Successful
info: Jan-15-2022 23:55:10: 	Server started and running on http://localhost:5000
info: Jan-15-2022 23:55:12: 	MongoDB Connection Successful
info: Jan-15-2022 23:55:12: 	Server started and running on http://localhost:5000
info: Jan-15-2022 23:55:14: 	MongoDB Connection Successful
info: Jan-15-2022 23:55:14: 	Server started and running on http://localhost:5000
info: Jan-15-2022 23:55:16: 	MongoDB Connection Successful
info: Jan-15-2022 23:55:16: 	Server started and running on http://localhost:5000
info: Jan-15-2022 23:55:32: 	MongoDB Connection Successful
info: Jan-15-2022 23:55:32: 	Server started and running on http://localhost:5000
info: Jan-15-2022 23:55:33: 	MongoDB Connection Successful
info: Jan-15-2022 23:55:33: 	Server started and running on http://localhost:5000
info: Jan-15-2022 23:55:36: 	MongoDB Connection Successful
info: Jan-15-2022 23:55:36: 	Server started and running on http://localhost:5000
info: Jan-15-2022 23:55:37: 	MongoDB Connection Successful
info: Jan-15-2022 23:55:37: 	Server started and running on http://localhost:5000
info: Jan-15-2022 23:55:41: 	MongoDB Connection Successful
info: Jan-15-2022 23:55:41: 	Server started and running on http://localhost:5000
info: Jan-15-2022 23:55:48: 	MongoDB Connection Successful
info: Jan-15-2022 23:55:48: 	Server started and running on http://localhost:5000
info: Jan-15-2022 23:55:53: 	MongoDB Connection Successful
info: Jan-15-2022 23:55:53: 	Server started and running on http://localhost:5000
info: Jan-15-2022 23:55:56: 	MongoDB Connection Successful
info: Jan-15-2022 23:55:56: 	Server started and running on http://localhost:5000
info: Jan-15-2022 23:56:10: 	MongoDB Connection Successful
info: Jan-15-2022 23:56:10: 	Server started and running on http://localhost:5000
info: Jan-15-2022 23:56:13: 	MongoDB Connection Successful
info: Jan-15-2022 23:56:13: 	Server started and running on http://localhost:5000
info: Jan-15-2022 23:56:16: 	MongoDB Connection Successful
info: Jan-15-2022 23:56:16: 	Server started and running on http://localhost:5000
info: Jan-15-2022 23:56:22: 	MongoDB Connection Successful
info: Jan-15-2022 23:56:22: 	Server started and running on http://localhost:5000
info: Jan-15-2022 23:56:24: 	MongoDB Connection Successful
info: Jan-15-2022 23:56:24: 	Server started and running on http://localhost:5000
info: Jan-15-2022 23:56:30: 	MongoDB Connection Successful
info: Jan-15-2022 23:56:30: 	Server started and running on http://localhost:5000
info: Jan-15-2022 23:56:32: 	MongoDB Connection Successful
info: Jan-15-2022 23:56:32: 	Server started and running on http://localhost:5000
info: Jan-15-2022 23:56:48: 	MongoDB Connection Successful
info: Jan-15-2022 23:56:48: 	Server started and running on http://localhost:5000
info: Jan-15-2022 23:56:50: 	MongoDB Connection Successful
info: Jan-15-2022 23:56:50: 	Server started and running on http://localhost:5000
info: Jan-15-2022 23:56:57: 	MongoDB Connection Successful
info: Jan-15-2022 23:56:57: 	Server started and running on http://localhost:5000
info: Jan-15-2022 23:56:59: 	MongoDB Connection Successful
info: Jan-15-2022 23:56:59: 	Server started and running on http://localhost:5000
info: Jan-15-2022 23:57:02: 	MongoDB Connection Successful
info: Jan-15-2022 23:57:02: 	Server started and running on http://localhost:5000
info: Jan-15-2022 23:57:10: 	MongoDB Connection Successful
info: Jan-15-2022 23:57:10: 	Server started and running on http://localhost:5000
info: Jan-15-2022 23:57:14: 	MongoDB Connection Successful
info: Jan-15-2022 23:57:14: 	Server started and running on http://localhost:5000
info: Jan-15-2022 23:57:15: 	MongoDB Connection Successful
info: Jan-15-2022 23:57:15: 	Server started and running on http://localhost:5000
info: Jan-15-2022 23:57:17: 	MongoDB Connection Successful
info: Jan-15-2022 23:57:17: 	Server started and running on http://localhost:5000
info: Jan-15-2022 23:57:19: 	MongoDB Connection Successful
info: Jan-15-2022 23:57:19: 	Server started and running on http://localhost:5000
info: Jan-15-2022 23:58:18: 	MongoDB Connection Successful
info: Jan-15-2022 23:58:18: 	Server started and running on http://localhost:5000
info: Jan-15-2022 23:58:22: 	MongoDB Connection Successful
info: Jan-15-2022 23:58:22: 	Server started and running on http://localhost:5000
info: Jan-15-2022 23:58:33: 	MongoDB Connection Successful
info: Jan-15-2022 23:58:33: 	Server started and running on http://localhost:5000
info: Jan-16-2022 00:00:19: 	MongoDB Connection Successful
info: Jan-16-2022 00:00:19: 	Server started and running on http://localhost:5000
info: Jan-16-2022 00:00:25: 	MongoDB Connection Successful
info: Jan-16-2022 00:00:25: 	Server started and running on http://localhost:5000
info: Jan-16-2022 00:01:13: 	MongoDB Connection Successful
info: Jan-16-2022 00:01:13: 	Server started and running on http://localhost:5000
info: Jan-16-2022 00:01:23: 	MongoDB Connection Successful
info: Jan-16-2022 00:01:23: 	Server started and running on http://localhost:5000
info: Jan-16-2022 00:01:42: 	MongoDB Connection Successful
info: Jan-16-2022 00:01:42: 	Server started and running on http://localhost:5000
info: Jan-16-2022 00:02:05: 	JWT Signed and sent as response for login request
